<?xml version="1.0" encoding="UTF-8"?>
<testng-results ignored="0" total="1" passed="1" failed="0" skipped="0">
  <reporter-output>
  </reporter-output>
  <suite started-at="2024-03-02T14:30:44 IST" name="Default suite" finished-at="2024-03-02T14:30:45 IST" duration-ms="116">
    <groups>
    </groups>
    <test started-at="2024-03-02T14:30:44 IST" name="Default test" finished-at="2024-03-02T14:30:45 IST" duration-ms="116">
      <class name="Hello">
        <test-method signature="mainMethod()[pri:0, instance:Hello@333291e3]" started-at="2024-03-02T14:30:45 IST" name="mainMethod" finished-at="2024-03-02T14:30:45 IST" duration-ms="20" status="PASS">
          <reporter-output>
          </reporter-output>
        </test-method> <!-- mainMethod -->
      </class> <!-- Hello -->
    </test> <!-- Default test -->
  </suite> <!-- Default suite -->
</testng-results>
